{
  "stats": {
    "suites": 1,
    "tests": 2,
    "passes": 2,
    "pending": 0,
    "failures": 0,
    "start": "2023-06-08T05:28:56.911Z",
    "end": "2023-06-08T05:28:56.917Z",
    "duration": 6,
    "testsRegistered": 2,
    "passPercent": 100,
    "pendingPercent": 0,
    "other": 0,
    "hasOther": false,
    "skipped": 0,
    "hasSkipped": false
  },
  "results": [
    {
      "uuid": "d7250332-c893-4de6-a0a4-4d14935d0657",
      "title": "",
      "fullFile": "C:\\Users\\Dorottya_Pecsi\\Documents\\Practice\\demoqa\\test\\numbers-validator\\isNumberEven.spec.js",
      "file": "\\test\\numbers-validator\\isNumberEven.spec.js",
      "beforeHooks": [],
      "afterHooks": [],
      "tests": [],
      "suites": [
        {
          "uuid": "de55dcfa-7e8b-4caa-ba30-e88c195d583f",
          "title": "isNumberEven positive test",
          "fullFile": "C:\\Users\\Dorottya_Pecsi\\Documents\\Practice\\demoqa\\test\\numbers-validator\\isNumberEven.spec.js",
          "file": "\\test\\numbers-validator\\isNumberEven.spec.js",
          "beforeHooks": [
            {
              "title": "\"before each\" hook in \"isNumberEven positive test\"",
              "fullTitle": "isNumberEven positive test \"before each\" hook in \"isNumberEven positive test\"",
              "timedOut": false,
              "duration": 0,
              "state": null,
              "speed": null,
              "pass": false,
              "fail": false,
              "pending": false,
              "context": null,
              "code": "validator = new NumbersValidator();",
              "err": {},
              "uuid": "f8485bf3-e212-44d5-ac83-71dc4b2d89c2",
              "parentUUID": "de55dcfa-7e8b-4caa-ba30-e88c195d583f",
              "isHook": true,
              "skipped": false
            }
          ],
          "afterHooks": [
            {
              "title": "\"after each\" hook in \"isNumberEven positive test\"",
              "fullTitle": "isNumberEven positive test \"after each\" hook in \"isNumberEven positive test\"",
              "timedOut": false,
              "duration": 0,
              "state": null,
              "speed": null,
              "pass": false,
              "fail": false,
              "pending": false,
              "context": null,
              "code": "validator = null;",
              "err": {},
              "uuid": "6cd2ebdf-3a50-440d-9008-d2fa8c74bb44",
              "parentUUID": "de55dcfa-7e8b-4caa-ba30-e88c195d583f",
              "isHook": true,
              "skipped": false
            }
          ],
          "tests": [
            {
              "title": "should return true when provided with an even number",
              "fullTitle": "isNumberEven positive test should return true when provided with an even number",
              "timedOut": false,
              "duration": 1,
              "state": "passed",
              "speed": "fast",
              "pass": true,
              "fail": false,
              "pending": false,
              "context": null,
              "code": "const validationResults = validator.isNumberEven(4);\nexpect(validationResults).to.be.equal(true);",
              "err": {},
              "uuid": "e5ed266b-d407-4d97-9fb0-73dec3984258",
              "parentUUID": "de55dcfa-7e8b-4caa-ba30-e88c195d583f",
              "isHook": false,
              "skipped": false
            },
            {
              "title": "should throw an error when provided a string",
              "fullTitle": "isNumberEven positive test should throw an error when provided a string",
              "timedOut": false,
              "duration": 1,
              "state": "passed",
              "speed": "fast",
              "pass": true,
              "fail": false,
              "pending": false,
              "context": null,
              "code": "expect(() => {\n  validator.isNumberEven('4');\n}).to.throw('[4] is not of type \"Number\"; it is of type \"string\"');",
              "err": {},
              "uuid": "be4df129-de48-4afa-a8f9-5bebc3c8a05e",
              "parentUUID": "de55dcfa-7e8b-4caa-ba30-e88c195d583f",
              "isHook": false,
              "skipped": false
            }
          ],
          "suites": [],
          "passes": [
            "e5ed266b-d407-4d97-9fb0-73dec3984258",
            "be4df129-de48-4afa-a8f9-5bebc3c8a05e"
          ],
          "failures": [],
          "pending": [],
          "skipped": [],
          "duration": 2,
          "root": false,
          "rootEmpty": false,
          "_timeout": 30000
        }
      ],
      "passes": [],
      "failures": [],
      "pending": [],
      "skipped": [],
      "duration": 0,
      "root": true,
      "rootEmpty": true,
      "_timeout": 30000
    }
  ],
  "meta": {
    "mocha": {
      "version": "10.2.0"
    },
    "mochawesome": {
      "options": {
        "quiet": false,
        "reportFilename": "mochawesome",
        "saveHtml": true,
        "saveJson": true,
        "consoleReporter": "spec",
        "useInlineDiffs": false,
        "code": true
      },
      "version": "7.1.3"
    },
    "marge": {
      "options": null,
      "version": "6.2.0"
    }
  }
}