{
  "stats": {
    "suites": 1,
    "tests": 2,
    "passes": 2,
    "pending": 0,
    "failures": 0,
    "start": "2023-06-07T09:57:20.029Z",
    "end": "2023-06-07T09:57:20.042Z",
    "duration": 13,
    "testsRegistered": 2,
    "passPercent": 100,
    "pendingPercent": 0,
    "other": 0,
    "hasOther": false,
    "skipped": 0,
    "hasSkipped": false
  },
  "results": [
    {
      "uuid": "2834a2ba-c32e-4e89-9c7a-d24f552d3ac0",
      "title": "",
      "fullFile": "C:\\Users\\Dorottya_Pecsi\\Documents\\Practice\\demoqa\\test\\numbers-validator\\isNumberEven.spec.js",
      "file": "\\test\\numbers-validator\\isNumberEven.spec.js",
      "beforeHooks": [],
      "afterHooks": [],
      "tests": [],
      "suites": [
        {
          "uuid": "7ef26d90-8413-4e7e-a33e-ca83fd08da43",
          "title": "isNumberEven positive test",
          "fullFile": "C:\\Users\\Dorottya_Pecsi\\Documents\\Practice\\demoqa\\test\\numbers-validator\\isNumberEven.spec.js",
          "file": "\\test\\numbers-validator\\isNumberEven.spec.js",
          "beforeHooks": [
            {
              "title": "\"before each\" hook in \"isNumberEven positive test\"",
              "fullTitle": "isNumberEven positive test \"before each\" hook in \"isNumberEven positive test\"",
              "timedOut": false,
              "duration": 0,
              "state": null,
              "speed": null,
              "pass": false,
              "fail": false,
              "pending": false,
              "context": null,
              "code": "validator = new NumbersValidator();",
              "err": {},
              "uuid": "4faaa29b-da9b-4498-8d2a-5d4dc079baa6",
              "parentUUID": "7ef26d90-8413-4e7e-a33e-ca83fd08da43",
              "isHook": true,
              "skipped": false
            }
          ],
          "afterHooks": [
            {
              "title": "\"after each\" hook in \"isNumberEven positive test\"",
              "fullTitle": "isNumberEven positive test \"after each\" hook in \"isNumberEven positive test\"",
              "timedOut": false,
              "duration": 0,
              "state": null,
              "speed": null,
              "pass": false,
              "fail": false,
              "pending": false,
              "context": null,
              "code": "validator = null;",
              "err": {},
              "uuid": "68d65cb5-ef4f-4488-bace-85ade1306e10",
              "parentUUID": "7ef26d90-8413-4e7e-a33e-ca83fd08da43",
              "isHook": true,
              "skipped": false
            }
          ],
          "tests": [
            {
              "title": "should return true when provided with an even number",
              "fullTitle": "isNumberEven positive test should return true when provided with an even number",
              "timedOut": false,
              "duration": 1,
              "state": "passed",
              "speed": "fast",
              "pass": true,
              "fail": false,
              "pending": false,
              "context": null,
              "code": "const validationResults = validator.isNumberEven(4);\nexpect(validationResults).to.be.equal(true);",
              "err": {},
              "uuid": "7796c5a2-cc1f-4d00-a105-20161eb9f93a",
              "parentUUID": "7ef26d90-8413-4e7e-a33e-ca83fd08da43",
              "isHook": false,
              "skipped": false
            },
            {
              "title": "should throw an error when provided a string",
              "fullTitle": "isNumberEven positive test should throw an error when provided a string",
              "timedOut": false,
              "duration": 1,
              "state": "passed",
              "speed": "fast",
              "pass": true,
              "fail": false,
              "pending": false,
              "context": null,
              "code": "expect(() => {\n  validator.isNumberEven('4');\n}).to.throw('[4] is not of type \"Number\"; it is of type \"string\"') ;",
              "err": {},
              "uuid": "fb7e25cc-b452-40d8-b337-4bdd8f768000",
              "parentUUID": "7ef26d90-8413-4e7e-a33e-ca83fd08da43",
              "isHook": false,
              "skipped": false
            }
          ],
          "suites": [],
          "passes": [
            "7796c5a2-cc1f-4d00-a105-20161eb9f93a",
            "fb7e25cc-b452-40d8-b337-4bdd8f768000"
          ],
          "failures": [],
          "pending": [],
          "skipped": [],
          "duration": 2,
          "root": false,
          "rootEmpty": false,
          "_timeout": 2000
        }
      ],
      "passes": [],
      "failures": [],
      "pending": [],
      "skipped": [],
      "duration": 0,
      "root": true,
      "rootEmpty": true,
      "_timeout": 2000
    }
  ],
  "meta": {
    "mocha": {
      "version": "10.2.0"
    },
    "mochawesome": {
      "options": {
        "quiet": false,
        "reportFilename": "mochawesome",
        "saveHtml": true,
        "saveJson": true,
        "consoleReporter": "spec",
        "useInlineDiffs": false,
        "code": true
      },
      "version": "7.1.3"
    },
    "marge": {
      "options": null,
      "version": "6.2.0"
    }
  }
}